2025/10/07 13:00:17 [notice] 1#1: using the "epoll" event method
2025/10/07 13:00:17 [notice] 1#1: nginx/1.29.1
2025/10/07 13:00:17 [notice] 1#1: built by gcc 14.2.0 (Alpine 14.2.0) 
2025/10/07 13:00:17 [notice] 1#1: OS: Linux 6.10.14-linuxkit
2025/10/07 13:00:17 [notice] 1#1: getrlimit(RLIMIT_NOFILE): 1048576:1048576
2025/10/07 13:00:17 [notice] 1#1: start worker processes
2025/10/07 13:00:17 [notice] 1#1: start worker process 29
2025/10/07 13:00:17 [notice] 1#1: start worker process 30
2025/10/07 13:00:17 [notice] 1#1: start worker process 31
2025/10/07 13:00:17 [notice] 1#1: start worker process 32
2025/10/07 13:00:17 [notice] 1#1: start worker process 33
2025/10/07 13:00:17 [notice] 1#1: start worker process 34
2025/10/07 13:00:17 [notice] 1#1: start worker process 35
2025/10/07 13:00:17 [notice] 1#1: start worker process 36
2025/10/07 13:00:17 [notice] 1#1: start worker process 37
2025/10/07 13:00:17 [notice] 1#1: start worker process 38
2025/10/07 13:00:17 [notice] 1#1: start worker process 39
2025/10/07 13:00:17 [notice] 1#1: start worker process 40
2025/10/07 13:59:29 [notice] 1#1: signal 3 (SIGQUIT) received, shutting down
2025/10/07 13:59:29 [notice] 32#32: gracefully shutting down
2025/10/07 13:59:29 [notice] 32#32: exiting
2025/10/07 13:59:29 [notice] 29#29: gracefully shutting down
2025/10/07 13:59:29 [notice] 31#31: gracefully shutting down
2025/10/07 13:59:29 [notice] 31#31: exiting
2025/10/07 13:59:29 [notice] 30#30: gracefully shutting down
2025/10/07 13:59:29 [notice] 38#38: gracefully shutting down
2025/10/07 13:59:29 [notice] 39#39: gracefully shutting down
2025/10/07 13:59:29 [notice] 37#37: gracefully shutting down
2025/10/07 13:59:29 [notice] 34#34: gracefully shutting down
2025/10/07 13:59:29 [notice] 34#34: exiting
2025/10/07 13:59:29 [notice] 36#36: gracefully shutting down
2025/10/07 13:59:29 [notice] 35#35: gracefully shutting down
2025/10/07 13:59:29 [notice] 33#33: gracefully shutting down
2025/10/07 13:59:29 [notice] 33#33: exiting
2025/10/07 13:59:29 [notice] 40#40: gracefully shutting down
2025/10/07 13:59:29 [notice] 32#32: exit
2025/10/07 13:59:29 [notice] 29#29: exiting
2025/10/07 13:59:29 [notice] 31#31: exit
2025/10/07 13:59:29 [notice] 30#30: exiting
2025/10/07 13:59:29 [notice] 38#38: exiting
2025/10/07 13:59:29 [notice] 30#30: exit
2025/10/07 13:59:29 [notice] 39#39: exiting
2025/10/07 13:59:29 [notice] 37#37: exiting
2025/10/07 13:59:29 [notice] 39#39: exit
2025/10/07 13:59:29 [notice] 36#36: exiting
2025/10/07 13:59:29 [notice] 34#34: exit
2025/10/07 13:59:29 [notice] 36#36: exit
2025/10/07 13:59:29 [notice] 35#35: exiting
2025/10/07 13:59:29 [notice] 40#40: exiting
2025/10/07 13:59:29 [notice] 33#33: exit
2025/10/07 13:59:29 [notice] 29#29: exit
2025/10/07 13:59:29 [notice] 38#38: exit
2025/10/07 13:59:29 [notice] 37#37: exit
2025/10/07 13:59:29 [notice] 35#35: exit
2025/10/07 13:59:29 [notice] 40#40: exit
2025/10/07 13:59:29 [notice] 1#1: signal 17 (SIGCHLD) received from 35
2025/10/07 13:59:29 [notice] 1#1: worker process 35 exited with code 0
2025/10/07 13:59:29 [notice] 1#1: signal 29 (SIGIO) received
2025/10/07 13:59:29 [notice] 1#1: signal 17 (SIGCHLD) received from 34
2025/10/07 13:59:29 [notice] 1#1: worker process 29 exited with code 0
2025/10/07 13:59:29 [notice] 1#1: worker process 30 exited with code 0
2025/10/07 13:59:29 [notice] 1#1: worker process 31 exited with code 0
2025/10/07 13:59:29 [notice] 1#1: worker process 32 exited with code 0
2025/10/07 13:59:29 [notice] 1#1: worker process 34 exited with code 0
2025/10/07 13:59:29 [notice] 1#1: worker process 36 exited with code 0
2025/10/07 13:59:29 [notice] 1#1: worker process 38 exited with code 0
2025/10/07 13:59:29 [notice] 1#1: worker process 40 exited with code 0
2025/10/07 13:59:29 [notice] 1#1: signal 29 (SIGIO) received
2025/10/07 13:59:29 [notice] 1#1: signal 17 (SIGCHLD) received from 32
2025/10/07 13:59:29 [notice] 1#1: signal 17 (SIGCHLD) received from 39
2025/10/07 13:59:29 [notice] 1#1: worker process 39 exited with code 0
2025/10/07 13:59:29 [notice] 1#1: signal 29 (SIGIO) received
2025/10/07 13:59:30 [notice] 1#1: signal 17 (SIGCHLD) received from 37
2025/10/07 13:59:30 [notice] 1#1: worker process 33 exited with code 0
2025/10/07 13:59:30 [notice] 1#1: worker process 37 exited with code 0
2025/10/07 13:59:30 [notice] 1#1: exit
2025/10/07 14:07:38 [emerg] 1#1: host not found in upstream "juice-shop:3000" in /etc/nginx/conf.d/default.conf:2
2025/10/07 14:07:39 [emerg] 1#1: host not found in upstream "juice-shop:3000" in /etc/nginx/conf.d/default.conf:2
2025/10/07 14:07:39 [emerg] 1#1: host not found in upstream "juice-shop:3000" in /etc/nginx/conf.d/default.conf:2
2025/10/07 14:07:41 [emerg] 1#1: host not found in upstream "juice-shop:3000" in /etc/nginx/conf.d/default.conf:2
2025/10/07 14:07:42 [emerg] 1#1: host not found in upstream "juice-shop:3000" in /etc/nginx/conf.d/default.conf:2
2025/10/07 14:07:45 [emerg] 1#1: host not found in upstream "juice-shop:3000" in /etc/nginx/conf.d/default.conf:2
2025/10/07 14:07:48 [emerg] 1#1: host not found in upstream "juice-shop:3000" in /etc/nginx/conf.d/default.conf:2
2025/10/07 14:07:55 [emerg] 1#1: host not found in upstream "juice-shop:3000" in /etc/nginx/conf.d/default.conf:2
2025/10/07 14:08:09 [emerg] 1#1: host not found in upstream "juice-shop:3000" in /etc/nginx/conf.d/default.conf:2
2025/10/07 14:08:35 [emerg] 1#1: host not found in upstream "juice-shop:3000" in /etc/nginx/conf.d/default.conf:2
2025/10/07 14:09:12 [emerg] 1#1: host not found in upstream "juice-shop:3000" in /etc/nginx/conf.d/default.conf:2
2025/10/07 14:09:13 [emerg] 1#1: host not found in upstream "juice-shop:3000" in /etc/nginx/conf.d/default.conf:2
2025/10/07 14:09:13 [emerg] 1#1: host not found in upstream "juice-shop:3000" in /etc/nginx/conf.d/default.conf:2
2025/10/07 14:09:14 [emerg] 1#1: host not found in upstream "juice-shop:3000" in /etc/nginx/conf.d/default.conf:2
2025/10/07 14:09:15 [emerg] 1#1: host not found in upstream "juice-shop:3000" in /etc/nginx/conf.d/default.conf:2
2025/10/07 14:09:18 [emerg] 1#1: host not found in upstream "juice-shop:3000" in /etc/nginx/conf.d/default.conf:2
2025/10/07 14:09:22 [emerg] 1#1: host not found in upstream "juice-shop:3000" in /etc/nginx/conf.d/default.conf:2
2025/10/07 14:09:29 [emerg] 1#1: host not found in upstream "juice-shop:3000" in /etc/nginx/conf.d/default.conf:2
2025/10/07 14:09:42 [emerg] 1#1: host not found in upstream "juice-shop:3000" in /etc/nginx/conf.d/default.conf:2
2025/10/07 14:10:09 [emerg] 1#1: host not found in upstream "juice-shop:3000" in /etc/nginx/conf.d/default.conf:2
2025/10/07 14:11:01 [emerg] 1#1: host not found in upstream "juice-shop:3000" in /etc/nginx/conf.d/default.conf:2
2025/10/07 14:12:02 [emerg] 1#1: host not found in upstream "juice-shop:3000" in /etc/nginx/conf.d/default.conf:2
2025/10/07 14:13:02 [emerg] 1#1: host not found in upstream "juice-shop:3000" in /etc/nginx/conf.d/default.conf:2
2025/10/07 14:14:03 [emerg] 1#1: host not found in upstream "juice-shop:3000" in /etc/nginx/conf.d/default.conf:2
2025/10/07 14:15:23 [emerg] 1#1: host not found in upstream "juice-shop:3000" in /etc/nginx/conf.d/default.conf:2
2025/10/07 14:15:24 [emerg] 1#1: host not found in upstream "juice-shop:3000" in /etc/nginx/conf.d/default.conf:2
2025/10/07 14:15:25 [emerg] 1#1: host not found in upstream "juice-shop:3000" in /etc/nginx/conf.d/default.conf:2
2025/10/07 14:15:26 [emerg] 1#1: host not found in upstream "juice-shop:3000" in /etc/nginx/conf.d/default.conf:2
2025/10/07 14:15:28 [emerg] 1#1: host not found in upstream "juice-shop:3000" in /etc/nginx/conf.d/default.conf:2
2025/10/07 14:15:30 [emerg] 1#1: host not found in upstream "juice-shop:3000" in /etc/nginx/conf.d/default.conf:2
2025/10/07 14:15:35 [emerg] 1#1: host not found in upstream "juice-shop:3000" in /etc/nginx/conf.d/default.conf:2
2025/10/07 14:15:42 [emerg] 1#1: host not found in upstream "juice-shop:3000" in /etc/nginx/conf.d/default.conf:2
2025/10/07 14:15:56 [emerg] 1#1: host not found in upstream "juice-shop:3000" in /etc/nginx/conf.d/default.conf:2
2025/10/07 14:16:23 [notice] 1#1: using the "epoll" event method
2025/10/07 14:16:23 [notice] 1#1: nginx/1.29.1
2025/10/07 14:16:23 [notice] 1#1: built by gcc 14.2.0 (Alpine 14.2.0) 
2025/10/07 14:16:23 [notice] 1#1: OS: Linux 6.10.14-linuxkit
2025/10/07 14:16:23 [notice] 1#1: getrlimit(RLIMIT_NOFILE): 1048576:1048576
2025/10/07 14:16:23 [notice] 1#1: start worker processes
2025/10/07 14:16:23 [notice] 1#1: start worker process 29
2025/10/07 14:16:23 [notice] 1#1: start worker process 30
2025/10/07 14:16:23 [notice] 1#1: start worker process 31
2025/10/07 14:16:23 [notice] 1#1: start worker process 32
2025/10/07 14:16:23 [notice] 1#1: start worker process 33
2025/10/07 14:16:23 [notice] 1#1: start worker process 34
2025/10/07 14:16:23 [notice] 1#1: start worker process 35
2025/10/07 14:16:23 [notice] 1#1: start worker process 36
2025/10/07 14:16:23 [notice] 1#1: start worker process 37
2025/10/07 14:16:23 [notice] 1#1: start worker process 38
2025/10/07 14:16:23 [notice] 1#1: start worker process 39
2025/10/07 14:16:23 [notice] 1#1: start worker process 40
2025/10/07 15:00:46 [notice] 1#1: signal 3 (SIGQUIT) received, shutting down
2025/10/07 15:00:46 [notice] 29#29: gracefully shutting down
2025/10/07 15:00:46 [notice] 35#35: gracefully shutting down
2025/10/07 15:00:46 [notice] 31#31: gracefully shutting down
2025/10/07 15:00:46 [notice] 31#31: exiting
2025/10/07 15:00:46 [notice] 33#33: gracefully shutting down
2025/10/07 15:00:46 [notice] 38#38: gracefully shutting down
2025/10/07 15:00:46 [notice] 38#38: exiting
2025/10/07 15:00:46 [notice] 36#36: gracefully shutting down
2025/10/07 15:00:46 [notice] 36#36: exiting
2025/10/07 15:00:46 [notice] 39#39: gracefully shutting down
2025/10/07 15:00:46 [notice] 40#40: gracefully shutting down
2025/10/07 15:00:46 [notice] 30#30: gracefully shutting down
2025/10/07 15:00:46 [notice] 37#37: gracefully shutting down
2025/10/07 15:00:46 [notice] 30#30: exiting
2025/10/07 15:00:46 [notice] 32#32: gracefully shutting down
2025/10/07 15:00:46 [notice] 34#34: gracefully shutting down
2025/10/07 15:00:46 [notice] 29#29: exiting
2025/10/07 15:00:46 [notice] 35#35: exiting
2025/10/07 15:00:46 [notice] 29#29: exit
2025/10/07 15:00:46 [notice] 31#31: exit
2025/10/07 15:00:46 [notice] 33#33: exiting
2025/10/07 15:00:46 [notice] 38#38: exit
2025/10/07 15:00:46 [notice] 36#36: exit
2025/10/07 15:00:46 [notice] 39#39: exiting
2025/10/07 15:00:46 [notice] 40#40: exiting
2025/10/07 15:00:46 [notice] 37#37: exiting
2025/10/07 15:00:46 [notice] 30#30: exit
2025/10/07 15:00:46 [notice] 37#37: exit
2025/10/07 15:00:46 [notice] 32#32: exiting
2025/10/07 15:00:46 [notice] 34#34: exiting
2025/10/07 15:00:46 [notice] 35#35: exit
2025/10/07 15:00:46 [notice] 33#33: exit
2025/10/07 15:00:46 [notice] 39#39: exit
2025/10/07 15:00:46 [notice] 40#40: exit
2025/10/07 15:00:46 [notice] 32#32: exit
2025/10/07 15:00:46 [notice] 34#34: exit
2025/10/07 15:00:46 [notice] 1#1: signal 17 (SIGCHLD) received from 29
2025/10/07 15:00:46 [notice] 1#1: worker process 29 exited with code 0
2025/10/07 15:00:46 [notice] 1#1: signal 29 (SIGIO) received
2025/10/07 15:00:46 [notice] 1#1: signal 17 (SIGCHLD) received from 34
2025/10/07 15:00:46 [notice] 1#1: worker process 30 exited with code 0
2025/10/07 15:00:46 [notice] 1#1: worker process 31 exited with code 0
2025/10/07 15:00:46 [notice] 1#1: worker process 33 exited with code 0
2025/10/07 15:00:46 [notice] 1#1: worker process 34 exited with code 0
2025/10/07 15:00:46 [notice] 1#1: worker process 35 exited with code 0
2025/10/07 15:00:46 [notice] 1#1: worker process 36 exited with code 0
2025/10/07 15:00:46 [notice] 1#1: worker process 37 exited with code 0
2025/10/07 15:00:46 [notice] 1#1: worker process 38 exited with code 0
2025/10/07 15:00:46 [notice] 1#1: worker process 39 exited with code 0
2025/10/07 15:00:46 [notice] 1#1: worker process 40 exited with code 0
2025/10/07 15:00:46 [notice] 1#1: signal 29 (SIGIO) received
2025/10/07 15:00:46 [notice] 1#1: signal 17 (SIGCHLD) received from 30
2025/10/07 15:00:46 [notice] 1#1: signal 17 (SIGCHLD) received from 32
2025/10/07 15:00:46 [notice] 1#1: worker process 32 exited with code 0
2025/10/07 15:00:46 [notice] 1#1: exit
2025/10/07 15:00:59 [notice] 1#1: using the "epoll" event method
2025/10/07 15:00:59 [notice] 1#1: nginx/1.29.1
2025/10/07 15:00:59 [notice] 1#1: built by gcc 14.2.0 (Alpine 14.2.0) 
2025/10/07 15:00:59 [notice] 1#1: OS: Linux 6.10.14-linuxkit
2025/10/07 15:00:59 [notice] 1#1: getrlimit(RLIMIT_NOFILE): 1048576:1048576
2025/10/07 15:00:59 [notice] 1#1: start worker processes
2025/10/07 15:00:59 [notice] 1#1: start worker process 29
2025/10/07 15:00:59 [notice] 1#1: start worker process 30
2025/10/07 15:00:59 [notice] 1#1: start worker process 31
2025/10/07 15:00:59 [notice] 1#1: start worker process 32
2025/10/07 15:00:59 [notice] 1#1: start worker process 33
2025/10/07 15:00:59 [notice] 1#1: start worker process 34
2025/10/07 15:00:59 [notice] 1#1: start worker process 35
2025/10/07 15:00:59 [notice] 1#1: start worker process 36
2025/10/07 15:00:59 [notice] 1#1: start worker process 37
2025/10/07 15:00:59 [notice] 1#1: start worker process 38
2025/10/07 15:00:59 [notice] 1#1: start worker process 39
2025/10/07 15:00:59 [notice] 1#1: start worker process 40
2025/10/07 15:19:29 [notice] 1#1: signal 3 (SIGQUIT) received, shutting down
2025/10/07 15:19:29 [notice] 29#29: gracefully shutting down
2025/10/07 15:19:29 [notice] 30#30: gracefully shutting down
2025/10/07 15:19:29 [notice] 32#32: gracefully shutting down
2025/10/07 15:19:29 [notice] 32#32: exiting
2025/10/07 15:19:29 [notice] 31#31: gracefully shutting down
2025/10/07 15:19:29 [notice] 34#34: gracefully shutting down
2025/10/07 15:19:29 [notice] 36#36: gracefully shutting down
2025/10/07 15:19:29 [notice] 37#37: gracefully shutting down
2025/10/07 15:19:29 [notice] 39#39: gracefully shutting down
2025/10/07 15:19:29 [notice] 38#38: gracefully shutting down
2025/10/07 15:19:29 [notice] 38#38: exiting
2025/10/07 15:19:29 [notice] 40#40: gracefully shutting down
2025/10/07 15:19:29 [notice] 35#35: gracefully shutting down
2025/10/07 15:19:29 [notice] 33#33: gracefully shutting down
2025/10/07 15:19:29 [notice] 29#29: exiting
2025/10/07 15:19:29 [notice] 30#30: exiting
2025/10/07 15:19:29 [notice] 31#31: exiting
2025/10/07 15:19:29 [notice] 32#32: exit
2025/10/07 15:19:29 [notice] 34#34: exiting
2025/10/07 15:19:29 [notice] 36#36: exiting
2025/10/07 15:19:29 [notice] 37#37: exiting
2025/10/07 15:19:29 [notice] 39#39: exiting
2025/10/07 15:19:29 [notice] 40#40: exiting
2025/10/07 15:19:29 [notice] 38#38: exit
2025/10/07 15:19:29 [notice] 35#35: exiting
2025/10/07 15:19:29 [notice] 33#33: exiting
2025/10/07 15:19:29 [notice] 29#29: exit
2025/10/07 15:19:29 [notice] 30#30: exit
2025/10/07 15:19:29 [notice] 31#31: exit
2025/10/07 15:19:29 [notice] 34#34: exit
2025/10/07 15:19:29 [notice] 36#36: exit
2025/10/07 15:19:29 [notice] 37#37: exit
2025/10/07 15:19:29 [notice] 39#39: exit
2025/10/07 15:19:29 [notice] 40#40: exit
2025/10/07 15:19:29 [notice] 35#35: exit
2025/10/07 15:19:29 [notice] 33#33: exit
2025/10/07 15:19:29 [notice] 1#1: signal 17 (SIGCHLD) received from 32
2025/10/07 15:19:29 [notice] 1#1: worker process 31 exited with code 0
2025/10/07 15:19:29 [notice] 1#1: worker process 32 exited with code 0
2025/10/07 15:19:29 [notice] 1#1: signal 29 (SIGIO) received
2025/10/07 15:19:29 [notice] 1#1: signal 17 (SIGCHLD) received from 31
2025/10/07 15:19:29 [notice] 1#1: signal 17 (SIGCHLD) received from 38
2025/10/07 15:19:29 [notice] 1#1: worker process 29 exited with code 0
2025/10/07 15:19:29 [notice] 1#1: worker process 30 exited with code 0
2025/10/07 15:19:29 [notice] 1#1: worker process 33 exited with code 0
2025/10/07 15:19:29 [notice] 1#1: worker process 35 exited with code 0
2025/10/07 15:19:29 [notice] 1#1: worker process 37 exited with code 0
2025/10/07 15:19:29 [notice] 1#1: worker process 38 exited with code 0
2025/10/07 15:19:29 [notice] 1#1: signal 29 (SIGIO) received
2025/10/07 15:19:29 [notice] 1#1: signal 17 (SIGCHLD) received from 29
2025/10/07 15:19:29 [notice] 1#1: signal 17 (SIGCHLD) received from 34
2025/10/07 15:19:29 [notice] 1#1: worker process 34 exited with code 0
2025/10/07 15:19:29 [notice] 1#1: signal 29 (SIGIO) received
2025/10/07 15:19:29 [notice] 1#1: signal 17 (SIGCHLD) received from 36
2025/10/07 15:19:29 [notice] 1#1: worker process 36 exited with code 0
2025/10/07 15:19:29 [notice] 1#1: worker process 39 exited with code 0
2025/10/07 15:19:29 [notice] 1#1: worker process 40 exited with code 0
2025/10/07 15:19:29 [notice] 1#1: exit
2025/10/07 15:20:45 [notice] 1#1: using the "epoll" event method
2025/10/07 15:20:45 [notice] 1#1: nginx/1.29.1
2025/10/07 15:20:45 [notice] 1#1: built by gcc 14.2.0 (Alpine 14.2.0) 
2025/10/07 15:20:45 [notice] 1#1: OS: Linux 6.10.14-linuxkit
2025/10/07 15:20:45 [notice] 1#1: getrlimit(RLIMIT_NOFILE): 1048576:1048576
2025/10/07 15:20:45 [notice] 1#1: start worker processes
2025/10/07 15:20:45 [notice] 1#1: start worker process 29
2025/10/07 15:20:45 [notice] 1#1: start worker process 30
2025/10/07 15:20:45 [notice] 1#1: start worker process 31
2025/10/07 15:20:45 [notice] 1#1: start worker process 32
2025/10/07 15:20:45 [notice] 1#1: start worker process 33
2025/10/07 15:20:45 [notice] 1#1: start worker process 34
2025/10/07 15:20:45 [notice] 1#1: start worker process 35
2025/10/07 15:20:45 [notice] 1#1: start worker process 36
2025/10/07 15:20:45 [notice] 1#1: start worker process 37
2025/10/07 15:20:45 [notice] 1#1: start worker process 38
2025/10/07 15:20:45 [notice] 1#1: start worker process 39
2025/10/07 15:20:45 [notice] 1#1: start worker process 40
2025/10/07 16:38:41 [notice] 1#1: signal 3 (SIGQUIT) received, shutting down
2025/10/07 16:38:41 [notice] 29#29: gracefully shutting down
2025/10/07 16:38:41 [notice] 29#29: exiting
2025/10/07 16:38:41 [notice] 31#31: gracefully shutting down
2025/10/07 16:38:41 [notice] 30#30: gracefully shutting down
2025/10/07 16:38:41 [notice] 33#33: gracefully shutting down
2025/10/07 16:38:41 [notice] 32#32: gracefully shutting down
2025/10/07 16:38:41 [notice] 32#32: exiting
2025/10/07 16:38:41 [notice] 35#35: gracefully shutting down
2025/10/07 16:38:41 [notice] 35#35: exiting
2025/10/07 16:38:41 [notice] 37#37: gracefully shutting down
2025/10/07 16:38:41 [notice] 36#36: gracefully shutting down
2025/10/07 16:38:41 [notice] 36#36: exiting
2025/10/07 16:38:41 [notice] 34#34: gracefully shutting down
2025/10/07 16:38:41 [notice] 38#38: gracefully shutting down
2025/10/07 16:38:41 [notice] 34#34: exiting
2025/10/07 16:38:41 [notice] 40#40: gracefully shutting down
2025/10/07 16:38:41 [notice] 34#34: exit
2025/10/07 16:38:41 [notice] 39#39: gracefully shutting down
2025/10/07 16:38:41 [notice] 29#29: exit
2025/10/07 16:38:41 [notice] 31#31: exiting
2025/10/07 16:38:41 [notice] 30#30: exiting
2025/10/07 16:38:41 [notice] 33#33: exiting
2025/10/07 16:38:41 [notice] 32#32: exit
2025/10/07 16:38:41 [notice] 35#35: exit
2025/10/07 16:38:41 [notice] 37#37: exiting
2025/10/07 16:38:41 [notice] 36#36: exit
2025/10/07 16:38:41 [notice] 37#37: exit
2025/10/07 16:38:41 [notice] 38#38: exiting
2025/10/07 16:38:41 [notice] 38#38: exit
2025/10/07 16:38:41 [notice] 40#40: exiting
2025/10/07 16:38:41 [notice] 39#39: exiting
2025/10/07 16:38:41 [notice] 31#31: exit
2025/10/07 16:38:41 [notice] 30#30: exit
2025/10/07 16:38:41 [notice] 33#33: exit
2025/10/07 16:38:41 [notice] 40#40: exit
2025/10/07 16:38:41 [notice] 39#39: exit
2025/10/07 16:38:41 [notice] 1#1: signal 17 (SIGCHLD) received from 40
2025/10/07 16:38:41 [notice] 1#1: worker process 32 exited with code 0
2025/10/07 16:38:41 [notice] 1#1: worker process 35 exited with code 0
2025/10/07 16:38:41 [notice] 1#1: worker process 40 exited with code 0
2025/10/07 16:38:41 [notice] 1#1: signal 29 (SIGIO) received
2025/10/07 16:38:41 [notice] 1#1: signal 17 (SIGCHLD) received from 32
2025/10/07 16:38:41 [notice] 1#1: signal 17 (SIGCHLD) received from 33
2025/10/07 16:38:41 [notice] 1#1: worker process 29 exited with code 0
2025/10/07 16:38:41 [notice] 1#1: worker process 30 exited with code 0
2025/10/07 16:38:41 [notice] 1#1: worker process 31 exited with code 0
2025/10/07 16:38:41 [notice] 1#1: worker process 33 exited with code 0
2025/10/07 16:38:41 [notice] 1#1: worker process 34 exited with code 0
2025/10/07 16:38:41 [notice] 1#1: worker process 36 exited with code 0
2025/10/07 16:38:41 [notice] 1#1: worker process 37 exited with code 0
2025/10/07 16:38:41 [notice] 1#1: worker process 38 exited with code 0
2025/10/07 16:38:41 [notice] 1#1: worker process 39 exited with code 0
2025/10/07 16:38:41 [notice] 1#1: exit
2025/10/07 16:38:50 [emerg] 1#1: host not found in upstream "waf-inference:5000" in /etc/nginx/conf.d/default.conf:7
2025/10/07 16:38:51 [notice] 1#1: using the "epoll" event method
2025/10/07 16:38:51 [notice] 1#1: nginx/1.29.1
2025/10/07 16:38:51 [notice] 1#1: built by gcc 14.2.0 (Alpine 14.2.0) 
2025/10/07 16:38:51 [notice] 1#1: OS: Linux 6.10.14-linuxkit
2025/10/07 16:38:51 [notice] 1#1: getrlimit(RLIMIT_NOFILE): 1048576:1048576
2025/10/07 16:38:51 [notice] 1#1: start worker processes
2025/10/07 16:38:51 [notice] 1#1: start worker process 29
2025/10/07 16:38:51 [notice] 1#1: start worker process 30
2025/10/07 16:38:51 [notice] 1#1: start worker process 31
2025/10/07 16:38:51 [notice] 1#1: start worker process 32
2025/10/07 16:38:51 [notice] 1#1: start worker process 33
2025/10/07 16:38:51 [notice] 1#1: start worker process 34
2025/10/07 16:38:51 [notice] 1#1: start worker process 35
2025/10/07 16:38:51 [notice] 1#1: start worker process 36
2025/10/07 16:38:51 [notice] 1#1: start worker process 37
2025/10/07 16:38:51 [notice] 1#1: start worker process 38
2025/10/07 16:38:51 [notice] 1#1: start worker process 39
2025/10/07 16:38:51 [notice] 1#1: start worker process 40
2025/10/07 16:41:46 [notice] 1#1: signal 3 (SIGQUIT) received, shutting down
2025/10/07 16:41:46 [notice] 29#29: gracefully shutting down
2025/10/07 16:41:46 [notice] 29#29: exiting
2025/10/07 16:41:46 [notice] 30#30: gracefully shutting down
2025/10/07 16:41:46 [notice] 30#30: exiting
2025/10/07 16:41:46 [notice] 31#31: gracefully shutting down
2025/10/07 16:41:46 [notice] 38#38: gracefully shutting down
2025/10/07 16:41:46 [notice] 29#29: exit
2025/10/07 16:41:46 [notice] 34#34: gracefully shutting down
2025/10/07 16:41:46 [notice] 35#35: gracefully shutting down
2025/10/07 16:41:46 [notice] 35#35: exiting
2025/10/07 16:41:46 [notice] 32#32: gracefully shutting down
2025/10/07 16:41:46 [notice] 30#30: exit
2025/10/07 16:41:46 [notice] 37#37: gracefully shutting down
2025/10/07 16:41:46 [notice] 37#37: exiting
2025/10/07 16:41:46 [notice] 33#33: gracefully shutting down
2025/10/07 16:41:46 [notice] 33#33: exiting
2025/10/07 16:41:46 [notice] 40#40: gracefully shutting down
2025/10/07 16:41:46 [notice] 33#33: exit
2025/10/07 16:41:46 [notice] 39#39: gracefully shutting down
2025/10/07 16:41:46 [notice] 36#36: gracefully shutting down
2025/10/07 16:41:46 [notice] 31#31: exiting
2025/10/07 16:41:46 [notice] 38#38: exiting
2025/10/07 16:41:46 [notice] 34#34: exiting
2025/10/07 16:41:46 [notice] 35#35: exit
2025/10/07 16:41:46 [notice] 32#32: exiting
2025/10/07 16:41:46 [notice] 37#37: exit
2025/10/07 16:41:46 [notice] 40#40: exiting
2025/10/07 16:41:46 [notice] 39#39: exiting
2025/10/07 16:41:46 [notice] 36#36: exiting
2025/10/07 16:41:46 [notice] 39#39: exit
2025/10/07 16:41:46 [notice] 31#31: exit
2025/10/07 16:41:46 [notice] 38#38: exit
2025/10/07 16:41:46 [notice] 34#34: exit
2025/10/07 16:41:46 [notice] 32#32: exit
2025/10/07 16:41:46 [notice] 40#40: exit
2025/10/07 16:41:46 [notice] 36#36: exit
2025/10/07 16:41:46 [notice] 1#1: signal 17 (SIGCHLD) received from 40
2025/10/07 16:41:46 [notice] 1#1: worker process 29 exited with code 0
2025/10/07 16:41:46 [notice] 1#1: worker process 30 exited with code 0
2025/10/07 16:41:46 [notice] 1#1: worker process 34 exited with code 0
2025/10/07 16:41:46 [notice] 1#1: worker process 40 exited with code 0
2025/10/07 16:41:46 [notice] 1#1: signal 29 (SIGIO) received
2025/10/07 16:41:46 [notice] 1#1: signal 17 (SIGCHLD) received from 31
2025/10/07 16:41:46 [notice] 1#1: worker process 31 exited with code 0
2025/10/07 16:41:46 [notice] 1#1: worker process 32 exited with code 0
2025/10/07 16:41:46 [notice] 1#1: worker process 33 exited with code 0
2025/10/07 16:41:46 [notice] 1#1: worker process 35 exited with code 0
2025/10/07 16:41:46 [notice] 1#1: worker process 36 exited with code 0
2025/10/07 16:41:46 [notice] 1#1: worker process 37 exited with code 0
2025/10/07 16:41:46 [notice] 1#1: worker process 38 exited with code 0
2025/10/07 16:41:46 [notice] 1#1: worker process 39 exited with code 0
2025/10/07 16:41:46 [notice] 1#1: exit
2025/10/07 16:47:06 [notice] 1#1: using the "epoll" event method
2025/10/07 16:47:06 [notice] 1#1: nginx/1.29.1
2025/10/07 16:47:06 [notice] 1#1: built by gcc 14.2.0 (Alpine 14.2.0) 
2025/10/07 16:47:06 [notice] 1#1: OS: Linux 6.10.14-linuxkit
2025/10/07 16:47:06 [notice] 1#1: getrlimit(RLIMIT_NOFILE): 1048576:1048576
2025/10/07 16:47:06 [notice] 1#1: start worker processes
2025/10/07 16:47:06 [notice] 1#1: start worker process 28
2025/10/07 16:47:06 [notice] 1#1: start worker process 29
2025/10/07 16:47:06 [notice] 1#1: start worker process 30
2025/10/07 16:47:06 [notice] 1#1: start worker process 31
2025/10/07 16:47:06 [notice] 1#1: start worker process 32
2025/10/07 16:47:06 [notice] 1#1: start worker process 33
2025/10/07 16:47:06 [notice] 1#1: start worker process 34
2025/10/07 16:47:06 [notice] 1#1: start worker process 35
2025/10/07 16:47:06 [notice] 1#1: start worker process 36
2025/10/07 16:47:06 [notice] 1#1: start worker process 37
2025/10/07 16:47:06 [notice] 1#1: start worker process 38
2025/10/07 16:47:06 [notice] 1#1: start worker process 39
2025/10/07 16:48:11 [notice] 1#1: signal 3 (SIGQUIT) received, shutting down
2025/10/07 16:48:11 [notice] 28#28: gracefully shutting down
2025/10/07 16:48:11 [notice] 36#36: gracefully shutting down
2025/10/07 16:48:11 [notice] 30#30: gracefully shutting down
2025/10/07 16:48:11 [notice] 33#33: gracefully shutting down
2025/10/07 16:48:11 [notice] 35#35: gracefully shutting down
2025/10/07 16:48:11 [notice] 35#35: exiting
2025/10/07 16:48:11 [notice] 34#34: gracefully shutting down
2025/10/07 16:48:11 [notice] 34#34: exiting
2025/10/07 16:48:11 [notice] 38#38: gracefully shutting down
2025/10/07 16:48:11 [notice] 39#39: gracefully shutting down
2025/10/07 16:48:11 [notice] 39#39: exiting
2025/10/07 16:48:11 [notice] 37#37: gracefully shutting down
2025/10/07 16:48:11 [notice] 37#37: exiting
2025/10/07 16:48:11 [notice] 28#28: exiting
2025/10/07 16:48:11 [notice] 28#28: exit
2025/10/07 16:48:11 [notice] 31#31: gracefully shutting down
2025/10/07 16:48:11 [notice] 29#29: gracefully shutting down
2025/10/07 16:48:11 [notice] 32#32: gracefully shutting down
2025/10/07 16:48:11 [notice] 29#29: exiting
2025/10/07 16:48:11 [notice] 36#36: exiting
2025/10/07 16:48:11 [notice] 30#30: exiting
2025/10/07 16:48:11 [notice] 33#33: exiting
2025/10/07 16:48:11 [notice] 35#35: exit
2025/10/07 16:48:11 [notice] 34#34: exit
2025/10/07 16:48:11 [notice] 38#38: exiting
2025/10/07 16:48:11 [notice] 37#37: exit
2025/10/07 16:48:11 [notice] 39#39: exit
2025/10/07 16:48:11 [notice] 31#31: exiting
2025/10/07 16:48:11 [notice] 32#32: exiting
2025/10/07 16:48:11 [notice] 29#29: exit
2025/10/07 16:48:11 [notice] 30#30: exit
2025/10/07 16:48:11 [notice] 36#36: exit
2025/10/07 16:48:11 [notice] 33#33: exit
2025/10/07 16:48:11 [notice] 38#38: exit
2025/10/07 16:48:11 [notice] 31#31: exit
2025/10/07 16:48:11 [notice] 32#32: exit
2025/10/07 16:48:11 [notice] 1#1: signal 17 (SIGCHLD) received from 34
2025/10/07 16:48:11 [notice] 1#1: worker process 34 exited with code 0
2025/10/07 16:48:11 [notice] 1#1: worker process 35 exited with code 0
2025/10/07 16:48:11 [notice] 1#1: worker process 37 exited with code 0
2025/10/07 16:48:11 [notice] 1#1: signal 29 (SIGIO) received
2025/10/07 16:48:11 [notice] 1#1: signal 17 (SIGCHLD) received from 32
2025/10/07 16:48:11 [notice] 1#1: worker process 28 exited with code 0
2025/10/07 16:48:11 [notice] 1#1: worker process 30 exited with code 0
2025/10/07 16:48:11 [notice] 1#1: worker process 29 exited with code 0
2025/10/07 16:48:11 [notice] 1#1: worker process 31 exited with code 0
2025/10/07 16:48:11 [notice] 1#1: worker process 32 exited with code 0
2025/10/07 16:48:11 [notice] 1#1: worker process 33 exited with code 0
2025/10/07 16:48:11 [notice] 1#1: worker process 36 exited with code 0
2025/10/07 16:48:11 [notice] 1#1: worker process 38 exited with code 0
2025/10/07 16:48:11 [notice] 1#1: worker process 39 exited with code 0
2025/10/07 16:48:11 [notice] 1#1: exit
2025/10/07 17:11:24 [notice] 1#1: using the "epoll" event method
2025/10/07 17:11:24 [notice] 1#1: nginx/1.29.1
2025/10/07 17:11:24 [notice] 1#1: built by gcc 14.2.0 (Alpine 14.2.0) 
2025/10/07 17:11:24 [notice] 1#1: OS: Linux 6.10.14-linuxkit
2025/10/07 17:11:24 [notice] 1#1: getrlimit(RLIMIT_NOFILE): 1048576:1048576
2025/10/07 17:11:24 [notice] 1#1: start worker processes
2025/10/07 17:11:24 [notice] 1#1: start worker process 29
2025/10/07 17:11:24 [notice] 1#1: start worker process 30
2025/10/07 17:11:24 [notice] 1#1: start worker process 31
2025/10/07 17:11:24 [notice] 1#1: start worker process 32
2025/10/07 17:11:24 [notice] 1#1: start worker process 33
2025/10/07 17:11:24 [notice] 1#1: start worker process 34
2025/10/07 17:11:24 [notice] 1#1: start worker process 35
2025/10/07 17:11:24 [notice] 1#1: start worker process 36
2025/10/07 17:11:24 [notice] 1#1: start worker process 37
2025/10/07 17:11:24 [notice] 1#1: start worker process 38
2025/10/07 17:11:24 [notice] 1#1: start worker process 39
2025/10/07 17:11:24 [notice] 1#1: start worker process 40
2025/10/07 17:23:38 [notice] 47#47: signal process started
2025/10/07 17:23:38 [notice] 1#1: signal 1 (SIGHUP) received from 47, reconfiguring
2025/10/07 17:23:38 [notice] 1#1: reconfiguring
2025/10/07 17:23:38 [notice] 1#1: using the "epoll" event method
2025/10/07 17:23:38 [notice] 1#1: start worker processes
2025/10/07 17:23:38 [notice] 1#1: start worker process 53
2025/10/07 17:23:38 [notice] 1#1: start worker process 54
2025/10/07 17:23:38 [notice] 1#1: start worker process 55
2025/10/07 17:23:38 [notice] 1#1: start worker process 56
2025/10/07 17:23:38 [notice] 1#1: start worker process 57
2025/10/07 17:23:38 [notice] 1#1: start worker process 58
2025/10/07 17:23:38 [notice] 1#1: start worker process 59
2025/10/07 17:23:38 [notice] 1#1: start worker process 60
2025/10/07 17:23:38 [notice] 1#1: start worker process 61
2025/10/07 17:23:38 [notice] 1#1: start worker process 62
2025/10/07 17:23:38 [notice] 1#1: start worker process 63
2025/10/07 17:23:38 [notice] 1#1: start worker process 64
2025/10/07 17:23:39 [notice] 29#29: gracefully shutting down
2025/10/07 17:23:39 [notice] 29#29: exiting
2025/10/07 17:23:39 [notice] 30#30: gracefully shutting down
2025/10/07 17:23:39 [notice] 31#31: gracefully shutting down
2025/10/07 17:23:39 [notice] 32#32: gracefully shutting down
2025/10/07 17:23:39 [notice] 33#33: gracefully shutting down
2025/10/07 17:23:39 [notice] 34#34: gracefully shutting down
2025/10/07 17:23:39 [notice] 34#34: exiting
2025/10/07 17:23:39 [notice] 38#38: gracefully shutting down
2025/10/07 17:23:39 [notice] 38#38: exiting
2025/10/07 17:23:39 [notice] 40#40: gracefully shutting down
2025/10/07 17:23:39 [notice] 37#37: gracefully shutting down
2025/10/07 17:23:39 [notice] 39#39: gracefully shutting down
2025/10/07 17:23:39 [notice] 35#35: gracefully shutting down
2025/10/07 17:23:39 [notice] 35#35: exiting
2025/10/07 17:23:39 [notice] 36#36: gracefully shutting down
2025/10/07 17:23:39 [notice] 36#36: exiting
2025/10/07 17:23:39 [notice] 29#29: exit
2025/10/07 17:23:39 [notice] 30#30: exiting
2025/10/07 17:23:39 [notice] 31#31: exiting
2025/10/07 17:23:39 [notice] 32#32: exiting
2025/10/07 17:23:39 [notice] 33#33: exiting
2025/10/07 17:23:39 [notice] 32#32: exit
2025/10/07 17:23:39 [notice] 34#34: exit
2025/10/07 17:23:39 [notice] 40#40: exiting
2025/10/07 17:23:39 [notice] 38#38: exit
2025/10/07 17:23:39 [notice] 37#37: exiting
2025/10/07 17:23:39 [notice] 39#39: exiting
2025/10/07 17:23:39 [notice] 35#35: exit
2025/10/07 17:23:39 [notice] 36#36: exit
2025/10/07 17:23:39 [notice] 30#30: exit
2025/10/07 17:23:39 [notice] 31#31: exit
2025/10/07 17:23:39 [notice] 33#33: exit
2025/10/07 17:23:39 [notice] 40#40: exit
2025/10/07 17:23:39 [notice] 37#37: exit
2025/10/07 17:23:39 [notice] 39#39: exit
2025/10/07 17:23:39 [notice] 1#1: signal 17 (SIGCHLD) received from 34
2025/10/07 17:23:39 [notice] 1#1: worker process 29 exited with code 0
2025/10/07 17:23:39 [notice] 1#1: worker process 30 exited with code 0
2025/10/07 17:23:39 [notice] 1#1: worker process 32 exited with code 0
2025/10/07 17:23:39 [notice] 1#1: worker process 34 exited with code 0
2025/10/07 17:23:39 [notice] 1#1: signal 29 (SIGIO) received
2025/10/07 17:23:39 [notice] 1#1: signal 17 (SIGCHLD) received from 37
2025/10/07 17:23:39 [notice] 1#1: worker process 31 exited with code 0
2025/10/07 17:23:39 [notice] 1#1: worker process 35 exited with code 0
2025/10/07 17:23:39 [notice] 1#1: worker process 36 exited with code 0
2025/10/07 17:23:39 [notice] 1#1: worker process 37 exited with code 0
2025/10/07 17:23:39 [notice] 1#1: worker process 38 exited with code 0
2025/10/07 17:23:39 [notice] 1#1: worker process 39 exited with code 0
2025/10/07 17:23:39 [notice] 1#1: signal 29 (SIGIO) received
2025/10/07 17:23:39 [notice] 1#1: signal 17 (SIGCHLD) received from 36
2025/10/07 17:23:39 [notice] 1#1: signal 17 (SIGCHLD) received from 40
2025/10/07 17:23:39 [notice] 1#1: worker process 33 exited with code 0
2025/10/07 17:23:39 [notice] 1#1: worker process 40 exited with code 0
2025/10/07 17:23:39 [notice] 1#1: signal 29 (SIGIO) received
2025/10/07 17:28:13 [notice] 1#1: signal 3 (SIGQUIT) received, shutting down
2025/10/07 17:28:13 [notice] 53#53: gracefully shutting down
2025/10/07 17:28:13 [notice] 53#53: exiting
2025/10/07 17:28:13 [notice] 54#54: gracefully shutting down
2025/10/07 17:28:13 [notice] 57#57: gracefully shutting down
2025/10/07 17:28:13 [notice] 53#53: exit
2025/10/07 17:28:13 [notice] 58#58: gracefully shutting down
2025/10/07 17:28:13 [notice] 58#58: exiting
2025/10/07 17:28:13 [notice] 59#59: gracefully shutting down
2025/10/07 17:28:13 [notice] 58#58: exit
2025/10/07 17:28:13 [notice] 55#55: gracefully shutting down
2025/10/07 17:28:13 [notice] 55#55: exiting
2025/10/07 17:28:13 [notice] 63#63: gracefully shutting down
2025/10/07 17:28:13 [notice] 63#63: exiting
2025/10/07 17:28:13 [notice] 61#61: gracefully shutting down
2025/10/07 17:28:13 [notice] 56#56: gracefully shutting down
2025/10/07 17:28:13 [notice] 64#64: gracefully shutting down
2025/10/07 17:28:13 [notice] 62#62: gracefully shutting down
2025/10/07 17:28:13 [notice] 60#60: gracefully shutting down
2025/10/07 17:28:13 [notice] 60#60: exiting
2025/10/07 17:28:13 [notice] 54#54: exiting
2025/10/07 17:28:13 [notice] 57#57: exiting
2025/10/07 17:28:13 [notice] 59#59: exiting
2025/10/07 17:28:13 [notice] 55#55: exit
2025/10/07 17:28:13 [notice] 59#59: exit
2025/10/07 17:28:13 [notice] 63#63: exit
2025/10/07 17:28:13 [notice] 61#61: exiting
2025/10/07 17:28:13 [notice] 56#56: exiting
2025/10/07 17:28:13 [notice] 64#64: exiting
2025/10/07 17:28:13 [notice] 61#61: exit
2025/10/07 17:28:13 [notice] 62#62: exiting
2025/10/07 17:28:13 [notice] 60#60: exit
2025/10/07 17:28:13 [notice] 57#57: exit
2025/10/07 17:28:13 [notice] 54#54: exit
2025/10/07 17:28:13 [notice] 56#56: exit
2025/10/07 17:28:13 [notice] 64#64: exit
2025/10/07 17:28:13 [notice] 62#62: exit
2025/10/07 17:28:13 [notice] 1#1: signal 17 (SIGCHLD) received from 53
2025/10/07 17:28:13 [notice] 1#1: worker process 53 exited with code 0
2025/10/07 17:28:13 [notice] 1#1: signal 29 (SIGIO) received
2025/10/07 17:28:13 [notice] 1#1: signal 17 (SIGCHLD) received from 55
2025/10/07 17:28:13 [notice] 1#1: worker process 54 exited with code 0
2025/10/07 17:28:13 [notice] 1#1: worker process 55 exited with code 0
2025/10/07 17:28:13 [notice] 1#1: worker process 56 exited with code 0
2025/10/07 17:28:13 [notice] 1#1: worker process 57 exited with code 0
2025/10/07 17:28:13 [notice] 1#1: worker process 58 exited with code 0
2025/10/07 17:28:13 [notice] 1#1: worker process 59 exited with code 0
2025/10/07 17:28:13 [notice] 1#1: worker process 60 exited with code 0
2025/10/07 17:28:13 [notice] 1#1: worker process 61 exited with code 0
2025/10/07 17:28:13 [notice] 1#1: worker process 62 exited with code 0
2025/10/07 17:28:13 [notice] 1#1: worker process 63 exited with code 0
2025/10/07 17:28:13 [notice] 1#1: worker process 64 exited with code 0
2025/10/07 17:28:13 [notice] 1#1: exit
2025/10/07 17:28:28 [notice] 1#1: using the "epoll" event method
2025/10/07 17:28:28 [notice] 1#1: nginx/1.29.1
2025/10/07 17:28:28 [notice] 1#1: built by gcc 14.2.0 (Alpine 14.2.0) 
2025/10/07 17:28:28 [notice] 1#1: OS: Linux 6.10.14-linuxkit
2025/10/07 17:28:28 [notice] 1#1: getrlimit(RLIMIT_NOFILE): 1048576:1048576
2025/10/07 17:28:28 [notice] 1#1: start worker processes
2025/10/07 17:28:28 [notice] 1#1: start worker process 29
2025/10/07 17:28:28 [notice] 1#1: start worker process 30
2025/10/07 17:28:28 [notice] 1#1: start worker process 31
2025/10/07 17:28:28 [notice] 1#1: start worker process 32
2025/10/07 17:28:28 [notice] 1#1: start worker process 33
2025/10/07 17:28:28 [notice] 1#1: start worker process 34
2025/10/07 17:28:28 [notice] 1#1: start worker process 35
2025/10/07 17:28:28 [notice] 1#1: start worker process 36
2025/10/07 17:28:28 [notice] 1#1: start worker process 37
2025/10/07 17:28:28 [notice] 1#1: start worker process 38
2025/10/07 17:28:28 [notice] 1#1: start worker process 39
2025/10/07 17:28:28 [notice] 1#1: start worker process 40
2025/10/07 17:43:56 [notice] 1#1: signal 3 (SIGQUIT) received, shutting down
2025/10/07 17:43:56 [notice] 29#29: gracefully shutting down
2025/10/07 17:43:56 [notice] 31#31: gracefully shutting down
2025/10/07 17:43:56 [notice] 35#35: gracefully shutting down
2025/10/07 17:43:56 [notice] 36#36: gracefully shutting down
2025/10/07 17:43:56 [notice] 40#40: gracefully shutting down
2025/10/07 17:43:56 [notice] 40#40: exiting
2025/10/07 17:43:56 [notice] 34#34: gracefully shutting down
2025/10/07 17:43:56 [notice] 34#34: exiting
2025/10/07 17:43:56 [notice] 32#32: gracefully shutting down
2025/10/07 17:43:56 [notice] 37#37: gracefully shutting down
2025/10/07 17:43:56 [notice] 37#37: exiting
2025/10/07 17:43:56 [notice] 38#38: gracefully shutting down
2025/10/07 17:43:56 [notice] 38#38: exiting
2025/10/07 17:43:56 [notice] 39#39: gracefully shutting down
2025/10/07 17:43:56 [notice] 30#30: gracefully shutting down
2025/10/07 17:43:56 [notice] 30#30: exiting
2025/10/07 17:43:56 [notice] 33#33: gracefully shutting down
2025/10/07 17:43:56 [notice] 33#33: exiting
2025/10/07 17:43:56 [notice] 29#29: exiting
2025/10/07 17:43:56 [notice] 29#29: exit
2025/10/07 17:43:56 [notice] 31#31: exiting
2025/10/07 17:43:56 [notice] 31#31: exit
2025/10/07 17:43:56 [notice] 35#35: exiting
2025/10/07 17:43:56 [notice] 35#35: exit
2025/10/07 17:43:56 [notice] 36#36: exiting
2025/10/07 17:43:56 [notice] 36#36: exit
2025/10/07 17:43:56 [notice] 40#40: exit
2025/10/07 17:43:56 [notice] 34#34: exit
2025/10/07 17:43:56 [notice] 32#32: exiting
2025/10/07 17:43:56 [notice] 37#37: exit
2025/10/07 17:43:56 [notice] 38#38: exit
2025/10/07 17:43:56 [notice] 39#39: exiting
2025/10/07 17:43:56 [notice] 30#30: exit
2025/10/07 17:43:56 [notice] 39#39: exit
2025/10/07 17:43:56 [notice] 33#33: exit
2025/10/07 17:43:56 [notice] 32#32: exit
2025/10/07 17:43:56 [notice] 1#1: signal 17 (SIGCHLD) received from 40
2025/10/07 17:43:56 [notice] 1#1: worker process 29 exited with code 0
2025/10/07 17:43:56 [notice] 1#1: worker process 31 exited with code 0
2025/10/07 17:43:56 [notice] 1#1: worker process 40 exited with code 0
2025/10/07 17:43:56 [notice] 1#1: signal 29 (SIGIO) received
2025/10/07 17:43:56 [notice] 1#1: signal 17 (SIGCHLD) received from 29
2025/10/07 17:43:56 [notice] 1#1: signal 17 (SIGCHLD) received from 30
2025/10/07 17:43:56 [notice] 1#1: worker process 30 exited with code 0
2025/10/07 17:43:56 [notice] 1#1: worker process 32 exited with code 0
2025/10/07 17:43:56 [notice] 1#1: worker process 33 exited with code 0
2025/10/07 17:43:56 [notice] 1#1: worker process 34 exited with code 0
2025/10/07 17:43:56 [notice] 1#1: worker process 35 exited with code 0
2025/10/07 17:43:56 [notice] 1#1: worker process 36 exited with code 0
2025/10/07 17:43:56 [notice] 1#1: worker process 37 exited with code 0
2025/10/07 17:43:56 [notice] 1#1: worker process 38 exited with code 0
2025/10/07 17:43:56 [notice] 1#1: worker process 39 exited with code 0
2025/10/07 17:43:56 [notice] 1#1: exit
2025/10/07 17:44:10 [notice] 1#1: using the "epoll" event method
2025/10/07 17:44:10 [notice] 1#1: nginx/1.29.1
2025/10/07 17:44:10 [notice] 1#1: built by gcc 14.2.0 (Alpine 14.2.0) 
2025/10/07 17:44:10 [notice] 1#1: OS: Linux 6.10.14-linuxkit
2025/10/07 17:44:10 [notice] 1#1: getrlimit(RLIMIT_NOFILE): 1048576:1048576
2025/10/07 17:44:10 [notice] 1#1: start worker processes
2025/10/07 17:44:10 [notice] 1#1: start worker process 29
2025/10/07 17:44:10 [notice] 1#1: start worker process 30
2025/10/07 17:44:10 [notice] 1#1: start worker process 31
2025/10/07 17:44:10 [notice] 1#1: start worker process 32
2025/10/07 17:44:10 [notice] 1#1: start worker process 33
2025/10/07 17:44:10 [notice] 1#1: start worker process 34
2025/10/07 17:44:10 [notice] 1#1: start worker process 35
2025/10/07 17:44:10 [notice] 1#1: start worker process 36
2025/10/07 17:44:10 [notice] 1#1: start worker process 37
2025/10/07 17:44:10 [notice] 1#1: start worker process 38
2025/10/07 17:44:10 [notice] 1#1: start worker process 39
2025/10/07 17:44:10 [notice] 1#1: start worker process 40
2025/10/07 17:46:14 [notice] 1#1: signal 3 (SIGQUIT) received, shutting down
2025/10/07 17:46:14 [notice] 29#29: gracefully shutting down
2025/10/07 17:46:14 [notice] 38#38: gracefully shutting down
2025/10/07 17:46:14 [notice] 31#31: gracefully shutting down
2025/10/07 17:46:14 [notice] 31#31: exiting
2025/10/07 17:46:14 [notice] 30#30: gracefully shutting down
2025/10/07 17:46:14 [notice] 32#32: gracefully shutting down
2025/10/07 17:46:14 [notice] 34#34: gracefully shutting down
2025/10/07 17:46:14 [notice] 39#39: gracefully shutting down
2025/10/07 17:46:14 [notice] 37#37: gracefully shutting down
2025/10/07 17:46:14 [notice] 40#40: gracefully shutting down
2025/10/07 17:46:14 [notice] 33#33: gracefully shutting down
2025/10/07 17:46:14 [notice] 33#33: exiting
2025/10/07 17:46:14 [notice] 36#36: gracefully shutting down
2025/10/07 17:46:14 [notice] 35#35: gracefully shutting down
2025/10/07 17:46:14 [notice] 29#29: exiting
2025/10/07 17:46:14 [notice] 35#35: exiting
2025/10/07 17:46:14 [notice] 38#38: exiting
2025/10/07 17:46:14 [notice] 35#35: exit
2025/10/07 17:46:14 [notice] 30#30: exiting
2025/10/07 17:46:14 [notice] 31#31: exit
2025/10/07 17:46:14 [notice] 32#32: exiting
2025/10/07 17:46:14 [notice] 38#38: exit
2025/10/07 17:46:14 [notice] 34#34: exiting
2025/10/07 17:46:14 [notice] 39#39: exiting
2025/10/07 17:46:14 [notice] 37#37: exiting
2025/10/07 17:46:14 [notice] 40#40: exiting
2025/10/07 17:46:14 [notice] 36#36: exiting
2025/10/07 17:46:14 [notice] 40#40: exit
2025/10/07 17:46:14 [notice] 33#33: exit
2025/10/07 17:46:14 [notice] 29#29: exit
2025/10/07 17:46:14 [notice] 30#30: exit
2025/10/07 17:46:14 [notice] 32#32: exit
2025/10/07 17:46:14 [notice] 34#34: exit
2025/10/07 17:46:14 [notice] 39#39: exit
2025/10/07 17:46:14 [notice] 37#37: exit
2025/10/07 17:46:14 [notice] 36#36: exit
2025/10/07 17:46:14 [notice] 1#1: signal 17 (SIGCHLD) received from 38
2025/10/07 17:46:14 [notice] 1#1: worker process 29 exited with code 0
2025/10/07 17:46:14 [notice] 1#1: worker process 30 exited with code 0
2025/10/07 17:46:14 [notice] 1#1: worker process 31 exited with code 0
2025/10/07 17:46:14 [notice] 1#1: worker process 32 exited with code 0
2025/10/07 17:46:14 [notice] 1#1: worker process 33 exited with code 0
2025/10/07 17:46:14 [notice] 1#1: worker process 35 exited with code 0
2025/10/07 17:46:14 [notice] 1#1: worker process 36 exited with code 0
2025/10/07 17:46:14 [notice] 1#1: worker process 38 exited with code 0
2025/10/07 17:46:14 [notice] 1#1: worker process 40 exited with code 0
2025/10/07 17:46:14 [notice] 1#1: signal 29 (SIGIO) received
2025/10/07 17:46:14 [notice] 1#1: signal 17 (SIGCHLD) received from 33
2025/10/07 17:46:14 [notice] 1#1: signal 17 (SIGCHLD) received from 34
2025/10/07 17:46:14 [notice] 1#1: worker process 34 exited with code 0
2025/10/07 17:46:14 [notice] 1#1: worker process 37 exited with code 0
2025/10/07 17:46:14 [notice] 1#1: signal 29 (SIGIO) received
2025/10/07 17:46:14 [notice] 1#1: signal 17 (SIGCHLD) received from 37
2025/10/07 17:46:14 [notice] 1#1: signal 17 (SIGCHLD) received from 39
2025/10/07 17:46:14 [notice] 1#1: worker process 39 exited with code 0
2025/10/07 17:46:14 [notice] 1#1: exit
2025/10/07 17:46:34 [notice] 1#1: using the "epoll" event method
2025/10/07 17:46:34 [notice] 1#1: nginx/1.29.1
2025/10/07 17:46:34 [notice] 1#1: built by gcc 14.2.0 (Alpine 14.2.0) 
2025/10/07 17:46:34 [notice] 1#1: OS: Linux 6.10.14-linuxkit
2025/10/07 17:46:34 [notice] 1#1: getrlimit(RLIMIT_NOFILE): 1048576:1048576
2025/10/07 17:46:34 [notice] 1#1: start worker processes
2025/10/07 17:46:34 [notice] 1#1: start worker process 29
2025/10/07 17:46:34 [notice] 1#1: start worker process 30
2025/10/07 17:46:34 [notice] 1#1: start worker process 31
2025/10/07 17:46:34 [notice] 1#1: start worker process 32
2025/10/07 17:46:34 [notice] 1#1: start worker process 33
2025/10/07 17:46:34 [notice] 1#1: start worker process 34
2025/10/07 17:46:34 [notice] 1#1: start worker process 35
2025/10/07 17:46:34 [notice] 1#1: start worker process 36
2025/10/07 17:46:34 [notice] 1#1: start worker process 37
2025/10/07 17:46:34 [notice] 1#1: start worker process 38
2025/10/07 17:46:34 [notice] 1#1: start worker process 39
2025/10/07 17:46:34 [notice] 1#1: start worker process 40
2025/10/07 17:48:27 [notice] 1#1: signal 3 (SIGQUIT) received, shutting down
2025/10/07 17:48:27 [notice] 29#29: gracefully shutting down
2025/10/07 17:48:27 [notice] 30#30: gracefully shutting down
2025/10/07 17:48:27 [notice] 32#32: gracefully shutting down
2025/10/07 17:48:27 [notice] 32#32: exiting
2025/10/07 17:48:27 [notice] 33#33: gracefully shutting down
2025/10/07 17:48:27 [notice] 32#32: exit
2025/10/07 17:48:27 [notice] 31#31: gracefully shutting down
2025/10/07 17:48:27 [notice] 38#38: gracefully shutting down
2025/10/07 17:48:27 [notice] 39#39: gracefully shutting down
2025/10/07 17:48:27 [notice] 39#39: exiting
2025/10/07 17:48:27 [notice] 37#37: gracefully shutting down
2025/10/07 17:48:27 [notice] 37#37: exiting
2025/10/07 17:48:27 [notice] 34#34: gracefully shutting down
2025/10/07 17:48:27 [notice] 34#34: exiting
2025/10/07 17:48:27 [notice] 40#40: gracefully shutting down
2025/10/07 17:48:27 [notice] 36#36: gracefully shutting down
2025/10/07 17:48:27 [notice] 36#36: exiting
2025/10/07 17:48:27 [notice] 35#35: gracefully shutting down
2025/10/07 17:48:27 [notice] 29#29: exiting
2025/10/07 17:48:27 [notice] 30#30: exiting
2025/10/07 17:48:27 [notice] 33#33: exiting
2025/10/07 17:48:27 [notice] 31#31: exiting
2025/10/07 17:48:27 [notice] 38#38: exiting
2025/10/07 17:48:27 [notice] 39#39: exit
2025/10/07 17:48:27 [notice] 37#37: exit
2025/10/07 17:48:27 [notice] 34#34: exit
2025/10/07 17:48:27 [notice] 40#40: exiting
2025/10/07 17:48:27 [notice] 36#36: exit
2025/10/07 17:48:27 [notice] 35#35: exiting
2025/10/07 17:48:27 [notice] 29#29: exit
2025/10/07 17:48:27 [notice] 30#30: exit
2025/10/07 17:48:27 [notice] 33#33: exit
2025/10/07 17:48:27 [notice] 31#31: exit
2025/10/07 17:48:27 [notice] 38#38: exit
2025/10/07 17:48:27 [notice] 40#40: exit
2025/10/07 17:48:27 [notice] 35#35: exit
2025/10/07 17:48:27 [notice] 1#1: signal 17 (SIGCHLD) received from 32
2025/10/07 17:48:27 [notice] 1#1: worker process 29 exited with code 0
2025/10/07 17:48:27 [notice] 1#1: worker process 32 exited with code 0
2025/10/07 17:48:27 [notice] 1#1: worker process 33 exited with code 0
2025/10/07 17:48:27 [notice] 1#1: worker process 34 exited with code 0
2025/10/07 17:48:27 [notice] 1#1: worker process 35 exited with code 0
2025/10/07 17:48:27 [notice] 1#1: worker process 36 exited with code 0
2025/10/07 17:48:27 [notice] 1#1: worker process 39 exited with code 0
2025/10/07 17:48:27 [notice] 1#1: worker process 40 exited with code 0
2025/10/07 17:48:27 [notice] 1#1: signal 29 (SIGIO) received
2025/10/07 17:48:27 [notice] 1#1: signal 17 (SIGCHLD) received from 34
2025/10/07 17:48:27 [notice] 1#1: signal 17 (SIGCHLD) received from 30
2025/10/07 17:48:27 [notice] 1#1: worker process 30 exited with code 0
2025/10/07 17:48:27 [notice] 1#1: worker process 37 exited with code 0
2025/10/07 17:48:27 [notice] 1#1: signal 29 (SIGIO) received
2025/10/07 17:48:27 [notice] 1#1: signal 17 (SIGCHLD) received from 38
2025/10/07 17:48:27 [notice] 1#1: worker process 31 exited with code 0
2025/10/07 17:48:27 [notice] 1#1: worker process 38 exited with code 0
2025/10/07 17:48:27 [notice] 1#1: exit
2025/10/07 17:48:44 [notice] 1#1: using the "epoll" event method
2025/10/07 17:48:44 [notice] 1#1: nginx/1.29.1
2025/10/07 17:48:44 [notice] 1#1: built by gcc 14.2.0 (Alpine 14.2.0) 
2025/10/07 17:48:44 [notice] 1#1: OS: Linux 6.10.14-linuxkit
2025/10/07 17:48:44 [notice] 1#1: getrlimit(RLIMIT_NOFILE): 1048576:1048576
2025/10/07 17:48:44 [notice] 1#1: start worker processes
2025/10/07 17:48:44 [notice] 1#1: start worker process 29
2025/10/07 17:48:44 [notice] 1#1: start worker process 30
2025/10/07 17:48:44 [notice] 1#1: start worker process 31
2025/10/07 17:48:44 [notice] 1#1: start worker process 32
2025/10/07 17:48:44 [notice] 1#1: start worker process 33
2025/10/07 17:48:44 [notice] 1#1: start worker process 34
2025/10/07 17:48:44 [notice] 1#1: start worker process 35
2025/10/07 17:48:44 [notice] 1#1: start worker process 36
2025/10/07 17:48:44 [notice] 1#1: start worker process 37
2025/10/07 17:48:44 [notice] 1#1: start worker process 38
2025/10/07 17:48:44 [notice] 1#1: start worker process 39
2025/10/07 17:48:44 [notice] 1#1: start worker process 40
2025/10/07 17:49:51 [notice] 1#1: signal 3 (SIGQUIT) received, shutting down
2025/10/07 17:49:51 [notice] 29#29: gracefully shutting down
2025/10/07 17:49:51 [notice] 32#32: gracefully shutting down
2025/10/07 17:49:51 [notice] 30#30: gracefully shutting down
2025/10/07 17:49:51 [notice] 31#31: gracefully shutting down
2025/10/07 17:49:51 [notice] 37#37: gracefully shutting down
2025/10/07 17:49:51 [notice] 38#38: gracefully shutting down
2025/10/07 17:49:51 [notice] 39#39: gracefully shutting down
2025/10/07 17:49:51 [notice] 33#33: gracefully shutting down
2025/10/07 17:49:51 [notice] 33#33: exiting
2025/10/07 17:49:51 [notice] 40#40: gracefully shutting down
2025/10/07 17:49:51 [notice] 40#40: exiting
2025/10/07 17:49:51 [notice] 36#36: gracefully shutting down
2025/10/07 17:49:51 [notice] 40#40: exit
2025/10/07 17:49:51 [notice] 34#34: gracefully shutting down
2025/10/07 17:49:51 [notice] 35#35: gracefully shutting down
2025/10/07 17:49:51 [notice] 29#29: exiting
2025/10/07 17:49:51 [notice] 32#32: exiting
2025/10/07 17:49:51 [notice] 30#30: exiting
2025/10/07 17:49:51 [notice] 31#31: exiting
2025/10/07 17:49:51 [notice] 37#37: exiting
2025/10/07 17:49:51 [notice] 31#31: exit
2025/10/07 17:49:51 [notice] 38#38: exiting
2025/10/07 17:49:51 [notice] 39#39: exiting
2025/10/07 17:49:51 [notice] 33#33: exit
2025/10/07 17:49:51 [notice] 36#36: exiting
2025/10/07 17:49:51 [notice] 34#34: exiting
2025/10/07 17:49:51 [notice] 35#35: exiting
2025/10/07 17:49:51 [notice] 29#29: exit
2025/10/07 17:49:51 [notice] 30#30: exit
2025/10/07 17:49:51 [notice] 32#32: exit
2025/10/07 17:49:51 [notice] 37#37: exit
2025/10/07 17:49:51 [notice] 38#38: exit
2025/10/07 17:49:51 [notice] 39#39: exit
2025/10/07 17:49:51 [notice] 36#36: exit
2025/10/07 17:49:51 [notice] 34#34: exit
2025/10/07 17:49:51 [notice] 35#35: exit
2025/10/07 17:49:51 [notice] 1#1: signal 17 (SIGCHLD) received from 30
2025/10/07 17:49:51 [notice] 1#1: worker process 29 exited with code 0
2025/10/07 17:49:51 [notice] 1#1: worker process 30 exited with code 0
2025/10/07 17:49:51 [notice] 1#1: worker process 40 exited with code 0
2025/10/07 17:49:51 [notice] 1#1: signal 29 (SIGIO) received
2025/10/07 17:49:51 [notice] 1#1: signal 17 (SIGCHLD) received from 40
2025/10/07 17:49:51 [notice] 1#1: signal 17 (SIGCHLD) received from 33
2025/10/07 17:49:51 [notice] 1#1: worker process 31 exited with code 0
2025/10/07 17:49:51 [notice] 1#1: worker process 33 exited with code 0
2025/10/07 17:49:51 [notice] 1#1: worker process 35 exited with code 0
2025/10/07 17:49:51 [notice] 1#1: worker process 36 exited with code 0
2025/10/07 17:49:51 [notice] 1#1: worker process 37 exited with code 0
2025/10/07 17:49:51 [notice] 1#1: worker process 38 exited with code 0
2025/10/07 17:49:51 [notice] 1#1: signal 29 (SIGIO) received
2025/10/07 17:49:51 [notice] 1#1: signal 17 (SIGCHLD) received from 37
2025/10/07 17:49:51 [notice] 1#1: signal 17 (SIGCHLD) received from 32
2025/10/07 17:49:51 [notice] 1#1: worker process 32 exited with code 0
2025/10/07 17:49:51 [notice] 1#1: worker process 34 exited with code 0
2025/10/07 17:49:51 [notice] 1#1: worker process 39 exited with code 0
2025/10/07 17:49:51 [notice] 1#1: exit
2025/10/07 17:50:02 [notice] 1#1: using the "epoll" event method
2025/10/07 17:50:02 [notice] 1#1: nginx/1.29.1
2025/10/07 17:50:02 [notice] 1#1: built by gcc 14.2.0 (Alpine 14.2.0) 
2025/10/07 17:50:02 [notice] 1#1: OS: Linux 6.10.14-linuxkit
2025/10/07 17:50:02 [notice] 1#1: getrlimit(RLIMIT_NOFILE): 1048576:1048576
2025/10/07 17:50:02 [notice] 1#1: start worker processes
2025/10/07 17:50:02 [notice] 1#1: start worker process 29
2025/10/07 17:50:02 [notice] 1#1: start worker process 30
2025/10/07 17:50:02 [notice] 1#1: start worker process 31
2025/10/07 17:50:02 [notice] 1#1: start worker process 32
2025/10/07 17:50:02 [notice] 1#1: start worker process 33
2025/10/07 17:50:02 [notice] 1#1: start worker process 34
2025/10/07 17:50:02 [notice] 1#1: start worker process 35
2025/10/07 17:50:02 [notice] 1#1: start worker process 36
2025/10/07 17:50:02 [notice] 1#1: start worker process 37
2025/10/07 17:50:02 [notice] 1#1: start worker process 38
2025/10/07 17:50:02 [notice] 1#1: start worker process 39
2025/10/07 17:50:02 [notice] 1#1: start worker process 40
2025/10/07 18:03:51 [notice] 1#1: signal 3 (SIGQUIT) received, shutting down
2025/10/07 18:03:51 [notice] 30#30: gracefully shutting down
2025/10/07 18:03:51 [notice] 29#29: gracefully shutting down
2025/10/07 18:03:51 [notice] 33#33: gracefully shutting down
2025/10/07 18:03:51 [notice] 32#32: gracefully shutting down
2025/10/07 18:03:51 [notice] 32#32: exiting
2025/10/07 18:03:51 [notice] 31#31: gracefully shutting down
2025/10/07 18:03:51 [notice] 31#31: exiting
2025/10/07 18:03:51 [notice] 35#35: gracefully shutting down
2025/10/07 18:03:51 [notice] 38#38: gracefully shutting down
2025/10/07 18:03:51 [notice] 34#34: gracefully shutting down
2025/10/07 18:03:51 [notice] 40#40: gracefully shutting down
2025/10/07 18:03:51 [notice] 37#37: gracefully shutting down
2025/10/07 18:03:51 [notice] 39#39: gracefully shutting down
2025/10/07 18:03:51 [notice] 39#39: exiting
2025/10/07 18:03:51 [notice] 36#36: gracefully shutting down
2025/10/07 18:03:51 [notice] 30#30: exiting
2025/10/07 18:03:51 [notice] 29#29: exiting
2025/10/07 18:03:51 [notice] 33#33: exiting
2025/10/07 18:03:51 [notice] 32#32: exit
2025/10/07 18:03:51 [notice] 35#35: exiting
2025/10/07 18:03:51 [notice] 31#31: exit
2025/10/07 18:03:51 [notice] 38#38: exiting
2025/10/07 18:03:51 [notice] 34#34: exiting
2025/10/07 18:03:51 [notice] 40#40: exiting
2025/10/07 18:03:51 [notice] 37#37: exiting
2025/10/07 18:03:51 [notice] 39#39: exit
2025/10/07 18:03:51 [notice] 37#37: exit
2025/10/07 18:03:51 [notice] 36#36: exiting
2025/10/07 18:03:51 [notice] 30#30: exit
2025/10/07 18:03:51 [notice] 29#29: exit
2025/10/07 18:03:51 [notice] 33#33: exit
2025/10/07 18:03:51 [notice] 35#35: exit
2025/10/07 18:03:51 [notice] 38#38: exit
2025/10/07 18:03:51 [notice] 34#34: exit
2025/10/07 18:03:51 [notice] 40#40: exit
2025/10/07 18:03:51 [notice] 36#36: exit
2025/10/07 18:03:51 [notice] 1#1: signal 17 (SIGCHLD) received from 33
2025/10/07 18:03:51 [notice] 1#1: worker process 29 exited with code 0
2025/10/07 18:03:51 [notice] 1#1: worker process 30 exited with code 0
2025/10/07 18:03:51 [notice] 1#1: worker process 31 exited with code 0
2025/10/07 18:03:51 [notice] 1#1: worker process 32 exited with code 0
2025/10/07 18:03:51 [notice] 1#1: worker process 33 exited with code 0
2025/10/07 18:03:51 [notice] 1#1: worker process 34 exited with code 0
2025/10/07 18:03:51 [notice] 1#1: worker process 35 exited with code 0
2025/10/07 18:03:51 [notice] 1#1: worker process 36 exited with code 0
2025/10/07 18:03:51 [notice] 1#1: worker process 37 exited with code 0
2025/10/07 18:03:51 [notice] 1#1: worker process 38 exited with code 0
2025/10/07 18:03:51 [notice] 1#1: worker process 39 exited with code 0
2025/10/07 18:03:51 [notice] 1#1: worker process 40 exited with code 0
2025/10/07 18:03:51 [notice] 1#1: exit
2025/10/08 17:21:48 [notice] 1#1: using the "epoll" event method
2025/10/08 17:21:48 [notice] 1#1: nginx/1.29.1
2025/10/08 17:21:48 [notice] 1#1: built by gcc 14.2.0 (Alpine 14.2.0) 
2025/10/08 17:21:48 [notice] 1#1: OS: Linux 6.10.14-linuxkit
2025/10/08 17:21:48 [notice] 1#1: getrlimit(RLIMIT_NOFILE): 1048576:1048576
2025/10/08 17:21:48 [notice] 1#1: start worker processes
2025/10/08 17:21:48 [notice] 1#1: start worker process 29
2025/10/08 17:21:48 [notice] 1#1: start worker process 30
2025/10/08 17:21:48 [notice] 1#1: start worker process 31
2025/10/08 17:21:48 [notice] 1#1: start worker process 32
2025/10/08 17:21:48 [notice] 1#1: start worker process 33
2025/10/08 17:21:48 [notice] 1#1: start worker process 34
2025/10/08 17:21:48 [notice] 1#1: start worker process 35
2025/10/08 17:21:48 [notice] 1#1: start worker process 36
2025/10/08 17:21:48 [notice] 1#1: start worker process 37
2025/10/08 17:21:48 [notice] 1#1: start worker process 38
2025/10/08 17:21:48 [notice] 1#1: start worker process 39
2025/10/08 17:21:48 [notice] 1#1: start worker process 40
2025/10/08 17:22:32 [notice] 1#1: signal 3 (SIGQUIT) received, shutting down
2025/10/08 17:22:32 [notice] 29#29: gracefully shutting down
2025/10/08 17:22:32 [notice] 38#38: gracefully shutting down
2025/10/08 17:22:32 [notice] 30#30: gracefully shutting down
2025/10/08 17:22:32 [notice] 31#31: gracefully shutting down
2025/10/08 17:22:32 [notice] 31#31: exiting
2025/10/08 17:22:32 [notice] 33#33: gracefully shutting down
2025/10/08 17:22:32 [notice] 40#40: gracefully shutting down
2025/10/08 17:22:32 [notice] 40#40: exiting
2025/10/08 17:22:32 [notice] 34#34: gracefully shutting down
2025/10/08 17:22:32 [notice] 32#32: gracefully shutting down
2025/10/08 17:22:32 [notice] 36#36: gracefully shutting down
2025/10/08 17:22:32 [notice] 36#36: exiting
2025/10/08 17:22:32 [notice] 39#39: gracefully shutting down
2025/10/08 17:22:32 [notice] 39#39: exiting
2025/10/08 17:22:32 [notice] 35#35: gracefully shutting down
2025/10/08 17:22:32 [notice] 37#37: gracefully shutting down
2025/10/08 17:22:32 [notice] 29#29: exiting
2025/10/08 17:22:32 [notice] 38#38: exiting
2025/10/08 17:22:32 [notice] 30#30: exiting
2025/10/08 17:22:32 [notice] 31#31: exit
2025/10/08 17:22:32 [notice] 33#33: exiting
2025/10/08 17:22:32 [notice] 34#34: exiting
2025/10/08 17:22:32 [notice] 40#40: exit
2025/10/08 17:22:32 [notice] 32#32: exiting
2025/10/08 17:22:32 [notice] 34#34: exit
2025/10/08 17:22:32 [notice] 36#36: exit
2025/10/08 17:22:32 [notice] 39#39: exit
2025/10/08 17:22:32 [notice] 35#35: exiting
2025/10/08 17:22:32 [notice] 37#37: exiting
2025/10/08 17:22:32 [notice] 29#29: exit
2025/10/08 17:22:32 [notice] 38#38: exit
2025/10/08 17:22:32 [notice] 30#30: exit
2025/10/08 17:22:32 [notice] 33#33: exit
2025/10/08 17:22:32 [notice] 32#32: exit
2025/10/08 17:22:32 [notice] 35#35: exit
2025/10/08 17:22:32 [notice] 37#37: exit
2025/10/08 17:22:32 [notice] 1#1: signal 17 (SIGCHLD) received from 36
2025/10/08 17:22:32 [notice] 1#1: worker process 29 exited with code 0
2025/10/08 17:22:32 [notice] 1#1: worker process 36 exited with code 0
2025/10/08 17:22:32 [notice] 1#1: signal 29 (SIGIO) received
2025/10/08 17:22:32 [notice] 1#1: signal 17 (SIGCHLD) received from 29
2025/10/08 17:22:32 [notice] 1#1: signal 17 (SIGCHLD) received from 38
2025/10/08 17:22:32 [notice] 1#1: worker process 30 exited with code 0
2025/10/08 17:22:32 [notice] 1#1: worker process 31 exited with code 0
2025/10/08 17:22:32 [notice] 1#1: worker process 32 exited with code 0
2025/10/08 17:22:32 [notice] 1#1: worker process 33 exited with code 0
2025/10/08 17:22:32 [notice] 1#1: worker process 34 exited with code 0
2025/10/08 17:22:32 [notice] 1#1: worker process 35 exited with code 0
2025/10/08 17:22:32 [notice] 1#1: worker process 37 exited with code 0
2025/10/08 17:22:32 [notice] 1#1: worker process 38 exited with code 0
2025/10/08 17:22:32 [notice] 1#1: worker process 39 exited with code 0
2025/10/08 17:22:32 [notice] 1#1: worker process 40 exited with code 0
2025/10/08 17:22:32 [notice] 1#1: exit
2025/10/08 17:22:44 [notice] 1#1: using the "epoll" event method
2025/10/08 17:22:44 [notice] 1#1: nginx/1.29.1
2025/10/08 17:22:44 [notice] 1#1: built by gcc 14.2.0 (Alpine 14.2.0) 
2025/10/08 17:22:44 [notice] 1#1: OS: Linux 6.10.14-linuxkit
2025/10/08 17:22:44 [notice] 1#1: getrlimit(RLIMIT_NOFILE): 1048576:1048576
2025/10/08 17:22:44 [notice] 1#1: start worker processes
2025/10/08 17:22:44 [notice] 1#1: start worker process 29
2025/10/08 17:22:44 [notice] 1#1: start worker process 30
2025/10/08 17:22:44 [notice] 1#1: start worker process 31
2025/10/08 17:22:44 [notice] 1#1: start worker process 32
2025/10/08 17:22:44 [notice] 1#1: start worker process 33
2025/10/08 17:22:44 [notice] 1#1: start worker process 34
2025/10/08 17:22:44 [notice] 1#1: start worker process 35
2025/10/08 17:22:44 [notice] 1#1: start worker process 36
2025/10/08 17:22:44 [notice] 1#1: start worker process 37
2025/10/08 17:22:44 [notice] 1#1: start worker process 38
2025/10/08 17:22:44 [notice] 1#1: start worker process 39
2025/10/08 17:22:44 [notice] 1#1: start worker process 40
2025/10/08 17:26:26 [notice] 1#1: signal 3 (SIGQUIT) received, shutting down
2025/10/08 17:26:26 [notice] 31#31: gracefully shutting down
2025/10/08 17:26:26 [notice] 30#30: gracefully shutting down
2025/10/08 17:26:26 [notice] 38#38: gracefully shutting down
2025/10/08 17:26:26 [notice] 35#35: gracefully shutting down
2025/10/08 17:26:26 [notice] 40#40: gracefully shutting down
2025/10/08 17:26:26 [notice] 40#40: exiting
2025/10/08 17:26:26 [notice] 39#39: gracefully shutting down
2025/10/08 17:26:26 [notice] 39#39: exiting
2025/10/08 17:26:26 [notice] 29#29: gracefully shutting down
2025/10/08 17:26:26 [notice] 37#37: gracefully shutting down
2025/10/08 17:26:26 [notice] 37#37: exiting
2025/10/08 17:26:26 [notice] 32#32: gracefully shutting down
2025/10/08 17:26:26 [notice] 32#32: exiting
2025/10/08 17:26:26 [notice] 36#36: gracefully shutting down
2025/10/08 17:26:26 [notice] 33#33: gracefully shutting down
2025/10/08 17:26:26 [notice] 34#34: gracefully shutting down
2025/10/08 17:26:26 [notice] 31#31: exiting
2025/10/08 17:26:26 [notice] 30#30: exiting
2025/10/08 17:26:26 [notice] 38#38: exiting
2025/10/08 17:26:26 [notice] 35#35: exiting
2025/10/08 17:26:26 [notice] 40#40: exit
2025/10/08 17:26:26 [notice] 35#35: exit
2025/10/08 17:26:26 [notice] 39#39: exit
2025/10/08 17:26:26 [notice] 29#29: exiting
2025/10/08 17:26:26 [notice] 29#29: exit
2025/10/08 17:26:26 [notice] 37#37: exit
2025/10/08 17:26:26 [notice] 32#32: exit
2025/10/08 17:26:26 [notice] 36#36: exiting
2025/10/08 17:26:26 [notice] 33#33: exiting
2025/10/08 17:26:26 [notice] 34#34: exiting
2025/10/08 17:26:26 [notice] 34#34: exit
2025/10/08 17:26:26 [notice] 31#31: exit
2025/10/08 17:26:26 [notice] 30#30: exit
2025/10/08 17:26:26 [notice] 38#38: exit
2025/10/08 17:26:26 [notice] 36#36: exit
2025/10/08 17:26:26 [notice] 33#33: exit
2025/10/08 17:26:26 [notice] 1#1: signal 17 (SIGCHLD) received from 40
2025/10/08 17:26:26 [notice] 1#1: worker process 35 exited with code 0
2025/10/08 17:26:26 [notice] 1#1: worker process 40 exited with code 0
2025/10/08 17:26:26 [notice] 1#1: signal 29 (SIGIO) received
2025/10/08 17:26:26 [notice] 1#1: signal 17 (SIGCHLD) received from 39
2025/10/08 17:26:26 [notice] 1#1: worker process 39 exited with code 0
2025/10/08 17:26:26 [notice] 1#1: signal 29 (SIGIO) received
2025/10/08 17:26:26 [notice] 1#1: signal 17 (SIGCHLD) received from 29
2025/10/08 17:26:26 [notice] 1#1: worker process 29 exited with code 0
2025/10/08 17:26:26 [notice] 1#1: worker process 30 exited with code 0
2025/10/08 17:26:26 [notice] 1#1: worker process 31 exited with code 0
2025/10/08 17:26:26 [notice] 1#1: worker process 32 exited with code 0
2025/10/08 17:26:26 [notice] 1#1: worker process 34 exited with code 0
2025/10/08 17:26:26 [notice] 1#1: worker process 37 exited with code 0
2025/10/08 17:26:26 [notice] 1#1: worker process 38 exited with code 0
2025/10/08 17:26:26 [notice] 1#1: signal 29 (SIGIO) received
2025/10/08 17:26:26 [notice] 1#1: signal 17 (SIGCHLD) received from 37
2025/10/08 17:26:26 [notice] 1#1: signal 17 (SIGCHLD) received from 36
2025/10/08 17:26:26 [notice] 1#1: worker process 33 exited with code 0
2025/10/08 17:26:26 [notice] 1#1: worker process 36 exited with code 0
2025/10/08 17:26:26 [notice] 1#1: exit
